# JRE version: OpenJDK Runtime Environment Temurin-21.0.4+7 (21.0.4+7) (build 21.0.4+7-LTS)
# Java VM: OpenJDK 64-Bit Server VM Temurin-21.0.4+7 (21.0.4+7-LTS, mixed mode, sharing, tiered, compressed oops, compressed class ptrs, g1 gc, windows-amd64)
GC Precious Log:
 CardTable entry size: 512
 Card Set container configuration: InlinePtr #cards 4 size 8 Array Of Cards #cards 16 size 48 Howl #buckets 8 coarsen threshold 3686 Howl Bitmap #cards 512 size 80 coarsen threshold 460 Card regions per heap region 1 cards per card region 4096
 CPUs: 16 total, 16 available
 Memory: 15775M
 Large Page Support: Disabled
 NUMA Support: Disabled
 Compressed Oops: Enabled (Zero based)
 Heap Region Size: 2M
 Heap Min Capacity: 8M
 Heap Initial Capacity: 248M
 Heap Max Capacity: 3944M
 Pre-touch: Disabled
 Parallel Workers: 13
 Concurrent Workers: 3
 Concurrent Refinement Workers: 13
 Periodic GC: Disabled
Heap:
 garbage-first heap   total 303104K, used 118784K [0x0000000709800000, 0x0000000800000000)
  region size 2048K, 31 young (63488K), 5 survivors (10240K)
 Metaspace       used 57192K, committed 57792K, reserved 1114112K
  class space    used 7284K, committed 7552K, reserved 1048576K
GC Heap History (20 events):
Event: 4.972 GC heap before
{Heap before GC invocations=10 (full 0):
 garbage-first heap   total 90112K, used 75115K [0x0000000709800000, 0x0000000800000000)
  region size 2048K, 26 young (53248K), 3 survivors (6144K)
 Metaspace       used 35752K, committed 36288K, reserved 1114112K
  class space    used 4549K, committed 4800K, reserved 1048576K
}
Event: 4.984 GC heap after
{Heap after GC invocations=11 (full 0):
 garbage-first heap   total 90112K, used 33347K [0x0000000709800000, 0x0000000800000000)
  region size 2048K, 4 young (8192K), 4 survivors (8192K)
 Metaspace       used 35752K, committed 36288K, reserved 1114112K
  class space    used 4549K, committed 4800K, reserved 1048576K
}
Event: 5.042 GC heap before
{Heap before GC invocations=11 (full 0):
 garbage-first heap   total 90112K, used 74307K [0x0000000709800000, 0x0000000800000000)
  region size 2048K, 24 young (49152K), 4 survivors (8192K)
 Metaspace       used 35754K, committed 36288K, reserved 1114112K
  class space    used 4549K, committed 4800K, reserved 1048576K
}
Event: 5.053 GC heap after
{Heap after GC invocations=12 (full 0):
 garbage-first heap   total 90112K, used 38840K [0x0000000709800000, 0x0000000800000000)
  region size 2048K, 3 young (6144K), 3 survivors (6144K)
 Metaspace       used 35754K, committed 36288K, reserved 1114112K
  class space    used 4549K, committed 4800K, reserved 1048576K
}
Event: 5.093 GC heap before
{Heap before GC invocations=12 (full 0):
 garbage-first heap   total 90112K, used 75704K [0x0000000709800000, 0x0000000800000000)
  region size 2048K, 21 young (43008K), 3 survivors (6144K)
 Metaspace       used 35754K, committed 36288K, reserved 1114112K
  class space    used 4549K, committed 4800K, reserved 1048576K
}
Event: 5.099 GC heap after
{Heap after GC invocations=13 (full 0):
 garbage-first heap   total 90112K, used 41475K [0x0000000709800000, 0x0000000800000000)
  region size 2048K, 2 young (4096K), 2 survivors (4096K)
 Metaspace       used 35754K, committed 36288K, reserved 1114112K
  class space    used 4549K, committed 4800K, reserved 1048576K
}
Event: 5.140 GC heap before
{Heap before GC invocations=13 (full 0):
 garbage-first heap   total 90112K, used 76291K [0x0000000709800000, 0x0000000800000000)
  region size 2048K, 19 young (38912K), 2 survivors (4096K)
 Metaspace       used 35754K, committed 36288K, reserved 1114112K
  class space    used 4549K, committed 4800K, reserved 1048576K
}
Event: 5.145 GC heap after
{Heap after GC invocations=14 (full 0):
 garbage-first heap   total 180224K, used 45056K [0x0000000709800000, 0x0000000800000000)
  region size 2048K, 3 young (6144K), 3 survivors (6144K)
 Metaspace       used 35754K, committed 36288K, reserved 1114112K
  class space    used 4549K, committed 4800K, reserved 1048576K
}
Event: 5.267 GC heap before
{Heap before GC invocations=14 (full 0):
 garbage-first heap   total 180224K, used 143360K [0x0000000709800000, 0x0000000800000000)
  region size 2048K, 52 young (106496K), 3 survivors (6144K)
 Metaspace       used 35765K, committed 36288K, reserved 1114112K
  class space    used 4549K, committed 4800K, reserved 1048576K
}
Event: 5.278 GC heap after
{Heap after GC invocations=15 (full 0):
 garbage-first heap   total 180224K, used 56298K [0x0000000709800000, 0x0000000800000000)
  region size 2048K, 7 young (14336K), 7 survivors (14336K)
 Metaspace       used 35765K, committed 36288K, reserved 1114112K
  class space    used 4549K, committed 4800K, reserved 1048576K
}
Event: 5.617 GC heap before
{Heap before GC invocations=15 (full 0):
 garbage-first heap   total 180224K, used 146410K [0x0000000709800000, 0x0000000800000000)
  region size 2048K, 51 young (104448K), 7 survivors (14336K)
 Metaspace       used 35832K, committed 36416K, reserved 1114112K
  class space    used 4560K, committed 4800K, reserved 1048576K
}
Event: 5.626 GC heap after
{Heap after GC invocations=16 (full 0):
 garbage-first heap   total 180224K, used 62897K [0x0000000709800000, 0x0000000800000000)
  region size 2048K, 3 young (6144K), 3 survivors (6144K)
 Metaspace       used 35832K, committed 36416K, reserved 1114112K
  class space    used 4560K, committed 4800K, reserved 1048576K
}
Event: 5.828 GC heap before
{Heap before GC invocations=16 (full 0):
 garbage-first heap   total 180224K, used 153009K [0x0000000709800000, 0x0000000800000000)
  region size 2048K, 47 young (96256K), 3 survivors (6144K)
 Metaspace       used 35838K, committed 36416K, reserved 1114112K
  class space    used 4562K, committed 4800K, reserved 1048576K
}
Event: 5.833 GC heap after
{Heap after GC invocations=17 (full 0):
 garbage-first heap   total 180224K, used 62028K [0x0000000709800000, 0x0000000800000000)
  region size 2048K, 3 young (6144K), 3 survivors (6144K)
 Metaspace       used 35838K, committed 36416K, reserved 1114112K
  class space    used 4562K, committed 4800K, reserved 1048576K
}
Event: 6.109 GC heap before
{Heap before GC invocations=17 (full 0):
 garbage-first heap   total 180224K, used 156236K [0x0000000709800000, 0x0000000800000000)
  region size 2048K, 49 young (100352K), 3 survivors (6144K)
 Metaspace       used 35890K, committed 36416K, reserved 1114112K
  class space    used 4575K, committed 4800K, reserved 1048576K
}
Event: 6.113 GC heap after
{Heap after GC invocations=18 (full 0):
 garbage-first heap   total 303104K, used 62344K [0x0000000709800000, 0x0000000800000000)
  region size 2048K, 3 young (6144K), 3 survivors (6144K)
 Metaspace       used 35890K, committed 36416K, reserved 1114112K
  class space    used 4575K, committed 4800K, reserved 1048576K
}
Event: 6.940 GC heap before
{Heap before GC invocations=18 (full 0):
 garbage-first heap   total 303104K, used 236424K [0x0000000709800000, 0x0000000800000000)
  region size 2048K, 88 young (180224K), 3 survivors (6144K)
 Metaspace       used 41776K, committed 42304K, reserved 1114112K
  class space    used 5259K, committed 5504K, reserved 1048576K
}
Event: 6.943 GC heap after
{Heap after GC invocations=19 (full 0):
 garbage-first heap   total 303104K, used 65404K [0x0000000709800000, 0x0000000800000000)
  region size 2048K, 4 young (8192K), 4 survivors (8192K)
 Metaspace       used 41776K, committed 42304K, reserved 1114112K
  class space    used 5259K, committed 5504K, reserved 1048576K
}
Event: 8.024 GC heap before
{Heap before GC invocations=19 (full 0):
 garbage-first heap   total 303104K, used 237436K [0x0000000709800000, 0x0000000800000000)
  region size 2048K, 88 young (180224K), 4 survivors (8192K)
 Metaspace       used 45435K, committed 46016K, reserved 1114112K
  class space    used 5699K, committed 5952K, reserved 1048576K
}
Event: 8.029 GC heap after
{Heap after GC invocations=20 (full 0):
 garbage-first heap   total 303104K, used 67584K [0x0000000709800000, 0x0000000800000000)
  region size 2048K, 5 young (10240K), 5 survivors (10240K)
 Metaspace       used 45435K, committed 46016K, reserved 1114112K
  class space    used 5699K, committed 5952K, reserved 1048576K
}

