# JRE version: OpenJDK Runtime Environment Temurin-21.0.7+6 (21.0.7+6) (build 21.0.7+6-LTS)
# Java VM: OpenJDK 64-Bit Server VM Temurin-21.0.7+6 (21.0.7+6-LTS, mixed mode, sharing, tiered, compressed oops, compressed class ptrs, parallel gc, windows-amd64)
GC Precious Log:
 CardTable entry size: 512
 CPUs: 16 total, 16 available
 Memory: 15775M
 Large Page Support: Disabled
 NUMA Support: Disabled
 Compressed Oops: Enabled (32-bit)
 Alignments: Space 512K, Generation 512K, Heap 2M
 Heap Min Capacity: 100M
 Heap Initial Capacity: 100M
 Heap Max Capacity: 2G
 Pre-touch: Disabled
 Parallel Workers: 13
Heap:
 PSYoungGen      total 8704K, used 1488K [0x00000000d5580000, 0x00000000d6080000, 0x0000000100000000)
  eden space 7168K, 0% used [0x00000000d5580000,0x00000000d5580000,0x00000000d5c80000)
  from space 1536K, 96% used [0x00000000d5f00000,0x00000000d6074010,0x00000000d6080000)
  to   space 1536K, 0% used [0x00000000d5c80000,0x00000000d5c80000,0x00000000d5e00000)
 ParOldGen       total 928768K, used 928433K [0x0000000080000000, 0x00000000b8b00000, 0x00000000d5580000)
  object space 928768K, 99% used [0x0000000080000000,0x00000000b8aac648,0x00000000b8b00000)
 Metaspace       used 82404K, committed 84224K, reserved 1179648K
  class space    used 7996K, committed 8832K, reserved 1048576K
GC Heap History (20 events):
Event: 127.444 GC heap after
{Heap after GC invocations=3188 (full 5):
 PSYoungGen      total 8704K, used 1856K [0x00000000d5580000, 0x00000000d6100000, 0x0000000100000000)
  eden space 6656K, 0% used [0x00000000d5580000,0x00000000d5580000,0x00000000d5c00000)
  from space 2048K, 90% used [0x00000000d5c00000,0x00000000d5dd0010,0x00000000d5e00000)
  to   space 2560K, 0% used [0x00000000d5e80000,0x00000000d5e80000,0x00000000d6100000)
 ParOldGen       total 911872K, used 911548K [0x0000000080000000, 0x00000000b7a80000, 0x00000000d5580000)
  object space 911872K, 99% used [0x0000000080000000,0x00000000b7a2f0b8,0x00000000b7a80000)
 Metaspace       used 82302K, committed 84032K, reserved 1179648K
  class space    used 7989K, committed 8768K, reserved 1048576K
}
Event: 127.461 GC heap before
{Heap before GC invocations=3189 (full 5):
 PSYoungGen      total 8704K, used 8512K [0x00000000d5580000, 0x00000000d6100000, 0x0000000100000000)
  eden space 6656K, 100% used [0x00000000d5580000,0x00000000d5c00000,0x00000000d5c00000)
  from space 2048K, 90% used [0x00000000d5c00000,0x00000000d5dd0010,0x00000000d5e00000)
  to   space 2560K, 0% used [0x00000000d5e80000,0x00000000d5e80000,0x00000000d6100000)
 ParOldGen       total 911872K, used 911548K [0x0000000080000000, 0x00000000b7a80000, 0x00000000d5580000)
  object space 911872K, 99% used [0x0000000080000000,0x00000000b7a2f0b8,0x00000000b7a80000)
 Metaspace       used 82302K, committed 84032K, reserved 1179648K
  class space    used 7989K, committed 8768K, reserved 1048576K
}
Event: 127.464 GC heap after
{Heap after GC invocations=3189 (full 5):
 PSYoungGen      total 8704K, used 1816K [0x00000000d5580000, 0x00000000d6080000, 0x0000000100000000)
  eden space 6656K, 0% used [0x00000000d5580000,0x00000000d5580000,0x00000000d5c00000)
  from space 2048K, 88% used [0x00000000d5e80000,0x00000000d6046070,0x00000000d6080000)
  to   space 2048K, 0% used [0x00000000d5c00000,0x00000000d5c00000,0x00000000d5e00000)
 ParOldGen       total 913408K, used 913244K [0x0000000080000000, 0x00000000b7c00000, 0x00000000d5580000)
  object space 913408K, 99% used [0x0000000080000000,0x00000000b7bd70c8,0x00000000b7c00000)
 Metaspace       used 82302K, committed 84032K, reserved 1179648K
  class space    used 7989K, committed 8768K, reserved 1048576K
}
Event: 127.480 GC heap before
{Heap before GC invocations=3190 (full 5):
 PSYoungGen      total 8704K, used 8472K [0x00000000d5580000, 0x00000000d6080000, 0x0000000100000000)
  eden space 6656K, 100% used [0x00000000d5580000,0x00000000d5c00000,0x00000000d5c00000)
  from space 2048K, 88% used [0x00000000d5e80000,0x00000000d6046070,0x00000000d6080000)
  to   space 2048K, 0% used [0x00000000d5c00000,0x00000000d5c00000,0x00000000d5e00000)
 ParOldGen       total 913408K, used 913244K [0x0000000080000000, 0x00000000b7c00000, 0x00000000d5580000)
  object space 913408K, 99% used [0x0000000080000000,0x00000000b7bd70c8,0x00000000b7c00000)
 Metaspace       used 82302K, committed 84032K, reserved 1179648K
  class space    used 7989K, committed 8768K, reserved 1048576K
}
Event: 127.483 GC heap after
{Heap after GC invocations=3190 (full 5):
 PSYoungGen      total 8704K, used 1885K [0x00000000d5580000, 0x00000000d6000000, 0x0000000100000000)
  eden space 6656K, 0% used [0x00000000d5580000,0x00000000d5580000,0x00000000d5c00000)
  from space 2048K, 92% used [0x00000000d5c00000,0x00000000d5dd7638,0x00000000d5e00000)
  to   space 2048K, 0% used [0x00000000d5e00000,0x00000000d5e00000,0x00000000d6000000)
 ParOldGen       total 914944K, used 914883K [0x0000000080000000, 0x00000000b7d80000, 0x00000000d5580000)
  object space 914944K, 99% used [0x0000000080000000,0x00000000b7d70c90,0x00000000b7d80000)
 Metaspace       used 82302K, committed 84032K, reserved 1179648K
  class space    used 7989K, committed 8768K, reserved 1048576K
}
Event: 127.503 GC heap before
{Heap before GC invocations=3191 (full 5):
 PSYoungGen      total 8704K, used 8541K [0x00000000d5580000, 0x00000000d6000000, 0x0000000100000000)
  eden space 6656K, 100% used [0x00000000d5580000,0x00000000d5c00000,0x00000000d5c00000)
  from space 2048K, 92% used [0x00000000d5c00000,0x00000000d5dd7638,0x00000000d5e00000)
  to   space 2048K, 0% used [0x00000000d5e00000,0x00000000d5e00000,0x00000000d6000000)
 ParOldGen       total 914944K, used 914883K [0x0000000080000000, 0x00000000b7d80000, 0x00000000d5580000)
  object space 914944K, 99% used [0x0000000080000000,0x00000000b7d70c90,0x00000000b7d80000)
 Metaspace       used 82302K, committed 84032K, reserved 1179648K
  class space    used 7989K, committed 8768K, reserved 1048576K
}
Event: 127.505 GC heap after
{Heap after GC invocations=3191 (full 5):
 PSYoungGen      total 8192K, used 1312K [0x00000000d5580000, 0x00000000d5f80000, 0x0000000100000000)
  eden space 6656K, 0% used [0x00000000d5580000,0x00000000d5580000,0x00000000d5c00000)
  from space 1536K, 85% used [0x00000000d5e00000,0x00000000d5f48000,0x00000000d5f80000)
  to   space 1536K, 0% used [0x00000000d5c80000,0x00000000d5c80000,0x00000000d5e00000)
 ParOldGen       total 916992K, used 916551K [0x0000000080000000, 0x00000000b7f80000, 0x00000000d5580000)
  object space 916992K, 99% used [0x0000000080000000,0x00000000b7f11f40,0x00000000b7f80000)
 Metaspace       used 82302K, committed 84032K, reserved 1179648K
  class space    used 7989K, committed 8768K, reserved 1048576K
}
Event: 127.513 GC heap before
{Heap before GC invocations=3192 (full 5):
 PSYoungGen      total 8192K, used 7968K [0x00000000d5580000, 0x00000000d5f80000, 0x0000000100000000)
  eden space 6656K, 100% used [0x00000000d5580000,0x00000000d5c00000,0x00000000d5c00000)
  from space 1536K, 85% used [0x00000000d5e00000,0x00000000d5f48000,0x00000000d5f80000)
  to   space 1536K, 0% used [0x00000000d5c80000,0x00000000d5c80000,0x00000000d5e00000)
 ParOldGen       total 916992K, used 916551K [0x0000000080000000, 0x00000000b7f80000, 0x00000000d5580000)
  object space 916992K, 99% used [0x0000000080000000,0x00000000b7f11f40,0x00000000b7f80000)
 Metaspace       used 82302K, committed 84032K, reserved 1179648K
  class space    used 7989K, committed 8768K, reserved 1048576K
}
Event: 127.516 GC heap after
{Heap after GC invocations=3192 (full 5):
 PSYoungGen      total 8192K, used 1505K [0x00000000d5580000, 0x00000000d6300000, 0x0000000100000000)
  eden space 6656K, 0% used [0x00000000d5580000,0x00000000d5580000,0x00000000d5c00000)
  from space 1536K, 98% used [0x00000000d5c80000,0x00000000d5df86c0,0x00000000d5e00000)
  to   space 3584K, 0% used [0x00000000d5f80000,0x00000000d5f80000,0x00000000d6300000)
 ParOldGen       total 918528K, used 918166K [0x0000000080000000, 0x00000000b8100000, 0x00000000d5580000)
  object space 918528K, 99% used [0x0000000080000000,0x00000000b80a5a30,0x00000000b8100000)
 Metaspace       used 82302K, committed 84032K, reserved 1179648K
  class space    used 7989K, committed 8768K, reserved 1048576K
}
Event: 127.562 GC heap before
{Heap before GC invocations=3193 (full 5):
 PSYoungGen      total 8192K, used 8161K [0x00000000d5580000, 0x00000000d6300000, 0x0000000100000000)
  eden space 6656K, 100% used [0x00000000d5580000,0x00000000d5c00000,0x00000000d5c00000)
  from space 1536K, 98% used [0x00000000d5c80000,0x00000000d5df86c0,0x00000000d5e00000)
  to   space 3584K, 0% used [0x00000000d5f80000,0x00000000d5f80000,0x00000000d6300000)
 ParOldGen       total 918528K, used 918166K [0x0000000080000000, 0x00000000b8100000, 0x00000000d5580000)
  object space 918528K, 99% used [0x0000000080000000,0x00000000b80a5a30,0x00000000b8100000)
 Metaspace       used 82302K, committed 84032K, reserved 1179648K
  class space    used 7989K, committed 8768K, reserved 1048576K
}
Event: 127.565 GC heap after
{Heap after GC invocations=3193 (full 5):
 PSYoungGen      total 8704K, used 1584K [0x00000000d5580000, 0x00000000d6180000, 0x0000000100000000)
  eden space 6656K, 0% used [0x00000000d5580000,0x00000000d5580000,0x00000000d5c00000)
  from space 2048K, 77% used [0x00000000d5f80000,0x00000000d610c0f8,0x00000000d6180000)
  to   space 2560K, 0% used [0x00000000d5c80000,0x00000000d5c80000,0x00000000d5f00000)
 ParOldGen       total 920064K, used 919704K [0x0000000080000000, 0x00000000b8280000, 0x00000000d5580000)
  object space 920064K, 99% used [0x0000000080000000,0x00000000b8226148,0x00000000b8280000)
 Metaspace       used 82302K, committed 84032K, reserved 1179648K
  class space    used 7989K, committed 8768K, reserved 1048576K
}
Event: 127.574 GC heap before
{Heap before GC invocations=3194 (full 5):
 PSYoungGen      total 8704K, used 8240K [0x00000000d5580000, 0x00000000d6180000, 0x0000000100000000)
  eden space 6656K, 100% used [0x00000000d5580000,0x00000000d5c00000,0x00000000d5c00000)
  from space 2048K, 77% used [0x00000000d5f80000,0x00000000d610c0f8,0x00000000d6180000)
  to   space 2560K, 0% used [0x00000000d5c80000,0x00000000d5c80000,0x00000000d5f00000)
 ParOldGen       total 920064K, used 919704K [0x0000000080000000, 0x00000000b8280000, 0x00000000d5580000)
  object space 920064K, 99% used [0x0000000080000000,0x00000000b8226148,0x00000000b8280000)
 Metaspace       used 82304K, committed 84032K, reserved 1179648K
  class space    used 7990K, committed 8768K, reserved 1048576K
}
Event: 127.577 GC heap after
{Heap after GC invocations=3194 (full 5):
 PSYoungGen      total 9216K, used 2474K [0x00000000d5580000, 0x00000000d6200000, 0x0000000100000000)
  eden space 6656K, 0% used [0x00000000d5580000,0x00000000d5580000,0x00000000d5c00000)
  from space 2560K, 96% used [0x00000000d5c80000,0x00000000d5eeab98,0x00000000d5f00000)
  to   space 3072K, 0% used [0x00000000d5f00000,0x00000000d5f00000,0x00000000d6200000)
 ParOldGen       total 921600K, used 921136K [0x0000000080000000, 0x00000000b8400000, 0x00000000d5580000)
  object space 921600K, 99% used [0x0000000080000000,0x00000000b838c240,0x00000000b8400000)
 Metaspace       used 82304K, committed 84032K, reserved 1179648K
  class space    used 7990K, committed 8768K, reserved 1048576K
}
Event: 127.587 GC heap before
{Heap before GC invocations=3195 (full 5):
 PSYoungGen      total 9216K, used 9130K [0x00000000d5580000, 0x00000000d6200000, 0x0000000100000000)
  eden space 6656K, 100% used [0x00000000d5580000,0x00000000d5c00000,0x00000000d5c00000)
  from space 2560K, 96% used [0x00000000d5c80000,0x00000000d5eeab98,0x00000000d5f00000)
  to   space 3072K, 0% used [0x00000000d5f00000,0x00000000d5f00000,0x00000000d6200000)
 ParOldGen       total 921600K, used 921136K [0x0000000080000000, 0x00000000b8400000, 0x00000000d5580000)
  object space 921600K, 99% used [0x0000000080000000,0x00000000b838c240,0x00000000b8400000)
 Metaspace       used 82305K, committed 84032K, reserved 1179648K
  class space    used 7990K, committed 8768K, reserved 1048576K
}
Event: 127.590 GC heap after
{Heap after GC invocations=3195 (full 5):
 PSYoungGen      total 8704K, used 1920K [0x00000000d5580000, 0x00000000d6100000, 0x0000000100000000)
  eden space 6656K, 0% used [0x00000000d5580000,0x00000000d5580000,0x00000000d5c00000)
  from space 2048K, 93% used [0x00000000d5f00000,0x00000000d60e0010,0x00000000d6100000)
  to   space 2560K, 0% used [0x00000000d5c00000,0x00000000d5c00000,0x00000000d5e80000)
 ParOldGen       total 923648K, used 923380K [0x0000000080000000, 0x00000000b8600000, 0x00000000d5580000)
  object space 923648K, 99% used [0x0000000080000000,0x00000000b85bd020,0x00000000b8600000)
 Metaspace       used 82305K, committed 84032K, reserved 1179648K
  class space    used 7990K, committed 8768K, reserved 1048576K
}
Event: 127.606 GC heap before
{Heap before GC invocations=3196 (full 5):
 PSYoungGen      total 8704K, used 8576K [0x00000000d5580000, 0x00000000d6100000, 0x0000000100000000)
  eden space 6656K, 100% used [0x00000000d5580000,0x00000000d5c00000,0x00000000d5c00000)
  from space 2048K, 93% used [0x00000000d5f00000,0x00000000d60e0010,0x00000000d6100000)
  to   space 2560K, 0% used [0x00000000d5c00000,0x00000000d5c00000,0x00000000d5e80000)
 ParOldGen       total 923648K, used 923380K [0x0000000080000000, 0x00000000b8600000, 0x00000000d5580000)
  object space 923648K, 99% used [0x0000000080000000,0x00000000b85bd020,0x00000000b8600000)
 Metaspace       used 82308K, committed 84032K, reserved 1179648K
  class space    used 7990K, committed 8768K, reserved 1048576K
}
Event: 127.610 GC heap after
{Heap after GC invocations=3196 (full 5):
 PSYoungGen      total 8704K, used 1799K [0x00000000d5580000, 0x00000000d6000000, 0x0000000100000000)
  eden space 6656K, 0% used [0x00000000d5580000,0x00000000d5580000,0x00000000d5c00000)
  from space 2048K, 87% used [0x00000000d5c00000,0x00000000d5dc1d90,0x00000000d5e00000)
  to   space 2048K, 0% used [0x00000000d5e00000,0x00000000d5e00000,0x00000000d6000000)
 ParOldGen       total 925184K, used 925091K [0x0000000080000000, 0x00000000b8780000, 0x00000000d5580000)
  object space 925184K, 99% used [0x0000000080000000,0x00000000b8768f30,0x00000000b8780000)
 Metaspace       used 82308K, committed 84032K, reserved 1179648K
  class space    used 7990K, committed 8768K, reserved 1048576K
}
Event: 127.717 GC heap before
{Heap before GC invocations=3197 (full 5):
 PSYoungGen      total 8704K, used 8455K [0x00000000d5580000, 0x00000000d6000000, 0x0000000100000000)
  eden space 6656K, 100% used [0x00000000d5580000,0x00000000d5c00000,0x00000000d5c00000)
  from space 2048K, 87% used [0x00000000d5c00000,0x00000000d5dc1d90,0x00000000d5e00000)
  to   space 2048K, 0% used [0x00000000d5e00000,0x00000000d5e00000,0x00000000d6000000)
 ParOldGen       total 925184K, used 925092K [0x0000000080000000, 0x00000000b8780000, 0x00000000d5580000)
  object space 925184K, 99% used [0x0000000080000000,0x00000000b87691d8,0x00000000b8780000)
 Metaspace       used 82309K, committed 84032K, reserved 1179648K
  class space    used 7990K, committed 8768K, reserved 1048576K
}
Event: 127.720 GC heap after
{Heap after GC invocations=3197 (full 5):
 PSYoungGen      total 8192K, used 1172K [0x00000000d5580000, 0x00000000d5f80000, 0x0000000100000000)
  eden space 6656K, 0% used [0x00000000d5580000,0x00000000d5580000,0x00000000d5c00000)
  from space 1536K, 76% used [0x00000000d5e00000,0x00000000d5f25080,0x00000000d5f80000)
  to   space 1536K, 0% used [0x00000000d5c80000,0x00000000d5c80000,0x00000000d5e00000)
 ParOldGen       total 926720K, used 926719K [0x0000000080000000, 0x00000000b8900000, 0x00000000d5580000)
  object space 926720K, 99% used [0x0000000080000000,0x00000000b88fffe0,0x00000000b8900000)
 Metaspace       used 82309K, committed 84032K, reserved 1179648K
  class space    used 7990K, committed 8768K, reserved 1048576K
}
Event: 127.733 GC heap before
{Heap before GC invocations=3198 (full 5):
 PSYoungGen      total 8192K, used 7828K [0x00000000d5580000, 0x00000000d5f80000, 0x0000000100000000)
  eden space 6656K, 100% used [0x00000000d5580000,0x00000000d5c00000,0x00000000d5c00000)
  from space 1536K, 76% used [0x00000000d5e00000,0x00000000d5f25080,0x00000000d5f80000)
  to   space 1536K, 0% used [0x00000000d5c80000,0x00000000d5c80000,0x00000000d5e00000)
 ParOldGen       total 927232K, used 926721K [0x0000000080000000, 0x00000000b8980000, 0x00000000d5580000)
  object space 927232K, 99% used [0x0000000080000000,0x00000000b8900778,0x00000000b8980000)
 Metaspace       used 82364K, committed 84160K, reserved 1179648K
  class space    used 7992K, committed 8832K, reserved 1048576K
}

