# JRE version: OpenJDK Runtime Environment Temurin-21.0.7+6 (21.0.7+6) (build 21.0.7+6-LTS)
# Java VM: OpenJDK 64-Bit Server VM Temurin-21.0.7+6 (21.0.7+6-LTS, mixed mode, sharing, tiered, compressed oops, compressed class ptrs, parallel gc, windows-amd64)
GC Precious Log:
 CardTable entry size: 512
 CPUs: 16 total, 16 available
 Memory: 15775M
 Large Page Support: Disabled
 NUMA Support: Disabled
 Compressed Oops: Enabled (32-bit)
 Alignments: Space 512K, Generation 512K, Heap 2M
 Heap Min Capacity: 100M
 Heap Initial Capacity: 100M
 Heap Max Capacity: 2G
 Pre-touch: Disabled
 Parallel Workers: 13
Heap:
 PSYoungGen      total 9216K, used 7525K [0x00000000d5580000, 0x00000000d6100000, 0x0000000100000000)
  eden space 7680K, 82% used [0x00000000d5580000,0x00000000d5bb14f0,0x00000000d5d00000)
  from space 1536K, 77% used [0x00000000d5e00000,0x00000000d5f28000,0x00000000d5f80000)
  to   space 1536K, 0% used [0x00000000d5f80000,0x00000000d5f80000,0x00000000d6100000)
 ParOldGen       total 1165824K, used 1165797K [0x0000000080000000, 0x00000000c7280000, 0x00000000d5580000)
  object space 1165824K, 99% used [0x0000000080000000,0x00000000c72797d8,0x00000000c7280000)
 Metaspace       used 91670K, committed 93504K, reserved 1179648K
  class space    used 8430K, committed 9344K, reserved 1048576K
GC Heap History (20 events):
Event: 7519.238 GC heap before
{Heap before GC invocations=11621 (full 25):
 PSYoungGen      total 8704K, used 8704K [0x00000000d5580000, 0x00000000d6400000, 0x0000000100000000)
  eden space 7168K, 100% used [0x00000000d5580000,0x00000000d5c80000,0x00000000d5c80000)
  from space 1536K, 100% used [0x00000000d5c80000,0x00000000d5e00000,0x00000000d5e00000)
  to   space 3072K, 0% used [0x00000000d6100000,0x00000000d6100000,0x00000000d6400000)
 ParOldGen       total 1147904K, used 1147796K [0x0000000080000000, 0x00000000c6100000, 0x00000000d5580000)
  object space 1147904K, 99% used [0x0000000080000000,0x00000000c60e53b0,0x00000000c6100000)
 Metaspace       used 91638K, committed 93440K, reserved 1179648K
  class space    used 8430K, committed 9344K, reserved 1048576K
}
Event: 7519.241 GC heap after
{Heap after GC invocations=11621 (full 25):
 PSYoungGen      total 11264K, used 2362K [0x00000000d5580000, 0x00000000d6380000, 0x0000000100000000)
  eden space 8704K, 0% used [0x00000000d5580000,0x00000000d5580000,0x00000000d5e00000)
  from space 2560K, 92% used [0x00000000d6100000,0x00000000d634ea78,0x00000000d6380000)
  to   space 2560K, 0% used [0x00000000d5e80000,0x00000000d5e80000,0x00000000d6100000)
 ParOldGen       total 1149440K, used 1149256K [0x0000000080000000, 0x00000000c6280000, 0x00000000d5580000)
  object space 1149440K, 99% used [0x0000000080000000,0x00000000c62520d0,0x00000000c6280000)
 Metaspace       used 91638K, committed 93440K, reserved 1179648K
  class space    used 8430K, committed 9344K, reserved 1048576K
}
Event: 7519.255 GC heap before
{Heap before GC invocations=11622 (full 25):
 PSYoungGen      total 11264K, used 11066K [0x00000000d5580000, 0x00000000d6380000, 0x0000000100000000)
  eden space 8704K, 100% used [0x00000000d5580000,0x00000000d5e00000,0x00000000d5e00000)
  from space 2560K, 92% used [0x00000000d6100000,0x00000000d634ea78,0x00000000d6380000)
  to   space 2560K, 0% used [0x00000000d5e80000,0x00000000d5e80000,0x00000000d6100000)
 ParOldGen       total 1149440K, used 1149256K [0x0000000080000000, 0x00000000c6280000, 0x00000000d5580000)
  object space 1149440K, 99% used [0x0000000080000000,0x00000000c62520d0,0x00000000c6280000)
 Metaspace       used 91639K, committed 93440K, reserved 1179648K
  class space    used 8430K, committed 9344K, reserved 1048576K
}
Event: 7519.258 GC heap after
{Heap after GC invocations=11622 (full 25):
 PSYoungGen      total 11776K, used 2336K [0x00000000d5580000, 0x00000000d6500000, 0x0000000100000000)
  eden space 9216K, 0% used [0x00000000d5580000,0x00000000d5580000,0x00000000d5e80000)
  from space 2560K, 91% used [0x00000000d5e80000,0x00000000d60c8010,0x00000000d6100000)
  to   space 2560K, 0% used [0x00000000d6280000,0x00000000d6280000,0x00000000d6500000)
 ParOldGen       total 1151488K, used 1151245K [0x0000000080000000, 0x00000000c6480000, 0x00000000d5580000)
  object space 1151488K, 99% used [0x0000000080000000,0x00000000c6443708,0x00000000c6480000)
 Metaspace       used 91639K, committed 93440K, reserved 1179648K
  class space    used 8430K, committed 9344K, reserved 1048576K
}
Event: 7519.273 GC heap before
{Heap before GC invocations=11623 (full 25):
 PSYoungGen      total 11776K, used 11546K [0x00000000d5580000, 0x00000000d6500000, 0x0000000100000000)
  eden space 9216K, 99% used [0x00000000d5580000,0x00000000d5e7e9e0,0x00000000d5e80000)
  from space 2560K, 91% used [0x00000000d5e80000,0x00000000d60c8010,0x00000000d6100000)
  to   space 2560K, 0% used [0x00000000d6280000,0x00000000d6280000,0x00000000d6500000)
 ParOldGen       total 1151488K, used 1151245K [0x0000000080000000, 0x00000000c6480000, 0x00000000d5580000)
  object space 1151488K, 99% used [0x0000000080000000,0x00000000c6443708,0x00000000c6480000)
 Metaspace       used 91639K, committed 93440K, reserved 1179648K
  class space    used 8430K, committed 9344K, reserved 1048576K
}
Event: 7519.276 GC heap after
{Heap after GC invocations=11623 (full 25):
 PSYoungGen      total 11264K, used 1953K [0x00000000d5580000, 0x00000000d6480000, 0x0000000100000000)
  eden space 9216K, 0% used [0x00000000d5580000,0x00000000d5580000,0x00000000d5e80000)
  from space 2048K, 95% used [0x00000000d6280000,0x00000000d6468668,0x00000000d6480000)
  to   space 2560K, 0% used [0x00000000d5f80000,0x00000000d5f80000,0x00000000d6200000)
 ParOldGen       total 1153536K, used 1153412K [0x0000000080000000, 0x00000000c6680000, 0x00000000d5580000)
  object space 1153536K, 99% used [0x0000000080000000,0x00000000c6661078,0x00000000c6680000)
 Metaspace       used 91639K, committed 93440K, reserved 1179648K
  class space    used 8430K, committed 9344K, reserved 1048576K
}
Event: 7519.293 GC heap before
{Heap before GC invocations=11624 (full 25):
 PSYoungGen      total 11264K, used 11169K [0x00000000d5580000, 0x00000000d6480000, 0x0000000100000000)
  eden space 9216K, 99% used [0x00000000d5580000,0x00000000d5e7fff0,0x00000000d5e80000)
  from space 2048K, 95% used [0x00000000d6280000,0x00000000d6468668,0x00000000d6480000)
  to   space 2560K, 0% used [0x00000000d5f80000,0x00000000d5f80000,0x00000000d6200000)
 ParOldGen       total 1153536K, used 1153412K [0x0000000080000000, 0x00000000c6680000, 0x00000000d5580000)
  object space 1153536K, 99% used [0x0000000080000000,0x00000000c6661078,0x00000000c6680000)
 Metaspace       used 91643K, committed 93440K, reserved 1179648K
  class space    used 8430K, committed 9344K, reserved 1048576K
}
Event: 7519.297 GC heap after
{Heap after GC invocations=11624 (full 25):
 PSYoungGen      total 11776K, used 2110K [0x00000000d5580000, 0x00000000d6380000, 0x0000000100000000)
  eden space 9216K, 0% used [0x00000000d5580000,0x00000000d5580000,0x00000000d5e80000)
  from space 2560K, 82% used [0x00000000d5f80000,0x00000000d618fbd0,0x00000000d6200000)
  to   space 1536K, 0% used [0x00000000d6200000,0x00000000d6200000,0x00000000d6380000)
 ParOldGen       total 1155584K, used 1155112K [0x0000000080000000, 0x00000000c6880000, 0x00000000d5580000)
  object space 1155584K, 99% used [0x0000000080000000,0x00000000c680a178,0x00000000c6880000)
 Metaspace       used 91643K, committed 93440K, reserved 1179648K
  class space    used 8430K, committed 9344K, reserved 1048576K
}
Event: 7519.311 GC heap before
{Heap before GC invocations=11625 (full 25):
 PSYoungGen      total 11776K, used 11326K [0x00000000d5580000, 0x00000000d6380000, 0x0000000100000000)
  eden space 9216K, 100% used [0x00000000d5580000,0x00000000d5e80000,0x00000000d5e80000)
  from space 2560K, 82% used [0x00000000d5f80000,0x00000000d618fbd0,0x00000000d6200000)
  to   space 1536K, 0% used [0x00000000d6200000,0x00000000d6200000,0x00000000d6380000)
 ParOldGen       total 1155584K, used 1155112K [0x0000000080000000, 0x00000000c6880000, 0x00000000d5580000)
  object space 1155584K, 99% used [0x0000000080000000,0x00000000c680a178,0x00000000c6880000)
 Metaspace       used 91643K, committed 93440K, reserved 1179648K
  class space    used 8430K, committed 9344K, reserved 1048576K
}
Event: 7519.314 GC heap after
{Heap after GC invocations=11625 (full 25):
 PSYoungGen      total 9216K, used 1504K [0x00000000d5580000, 0x00000000d6880000, 0x0000000100000000)
  eden space 7680K, 0% used [0x00000000d5580000,0x00000000d5580000,0x00000000d5d00000)
  from space 1536K, 97% used [0x00000000d6200000,0x00000000d6378320,0x00000000d6380000)
  to   space 5120K, 0% used [0x00000000d5d00000,0x00000000d5d00000,0x00000000d6200000)
 ParOldGen       total 1158144K, used 1158046K [0x0000000080000000, 0x00000000c6b00000, 0x00000000d5580000)
  object space 1158144K, 99% used [0x0000000080000000,0x00000000c6ae7988,0x00000000c6b00000)
 Metaspace       used 91643K, committed 93440K, reserved 1179648K
  class space    used 8430K, committed 9344K, reserved 1048576K
}
Event: 7519.334 GC heap before
{Heap before GC invocations=11626 (full 25):
 PSYoungGen      total 9216K, used 9184K [0x00000000d5580000, 0x00000000d6880000, 0x0000000100000000)
  eden space 7680K, 100% used [0x00000000d5580000,0x00000000d5d00000,0x00000000d5d00000)
  from space 1536K, 97% used [0x00000000d6200000,0x00000000d6378320,0x00000000d6380000)
  to   space 5120K, 0% used [0x00000000d5d00000,0x00000000d5d00000,0x00000000d6200000)
 ParOldGen       total 1158144K, used 1158046K [0x0000000080000000, 0x00000000c6b00000, 0x00000000d5580000)
  object space 1158144K, 99% used [0x0000000080000000,0x00000000c6ae7988,0x00000000c6b00000)
 Metaspace       used 91646K, committed 93440K, reserved 1179648K
  class space    used 8430K, committed 9344K, reserved 1048576K
}
Event: 7519.338 GC heap after
{Heap after GC invocations=11626 (full 25):
 PSYoungGen      total 9728K, used 1757K [0x00000000d5580000, 0x00000000d6300000, 0x0000000100000000)
  eden space 7680K, 0% used [0x00000000d5580000,0x00000000d5580000,0x00000000d5d00000)
  from space 2048K, 85% used [0x00000000d5d00000,0x00000000d5eb7430,0x00000000d5f00000)
  to   space 3072K, 0% used [0x00000000d6000000,0x00000000d6000000,0x00000000d6300000)
 ParOldGen       total 1159680K, used 1159492K [0x0000000080000000, 0x00000000c6c80000, 0x00000000d5580000)
  object space 1159680K, 99% used [0x0000000080000000,0x00000000c6c51218,0x00000000c6c80000)
 Metaspace       used 91646K, committed 93440K, reserved 1179648K
  class space    used 8430K, committed 9344K, reserved 1048576K
}
Event: 7519.354 GC heap before
{Heap before GC invocations=11627 (full 25):
 PSYoungGen      total 9728K, used 9437K [0x00000000d5580000, 0x00000000d6300000, 0x0000000100000000)
  eden space 7680K, 100% used [0x00000000d5580000,0x00000000d5d00000,0x00000000d5d00000)
  from space 2048K, 85% used [0x00000000d5d00000,0x00000000d5eb7430,0x00000000d5f00000)
  to   space 3072K, 0% used [0x00000000d6000000,0x00000000d6000000,0x00000000d6300000)
 ParOldGen       total 1159680K, used 1159492K [0x0000000080000000, 0x00000000c6c80000, 0x00000000d5580000)
  object space 1159680K, 99% used [0x0000000080000000,0x00000000c6c51218,0x00000000c6c80000)
 Metaspace       used 91646K, committed 93440K, reserved 1179648K
  class space    used 8430K, committed 9344K, reserved 1048576K
}
Event: 7519.358 GC heap after
{Heap after GC invocations=11627 (full 25):
 PSYoungGen      total 10752K, used 2546K [0x00000000d5580000, 0x00000000d6300000, 0x0000000100000000)
  eden space 7680K, 0% used [0x00000000d5580000,0x00000000d5580000,0x00000000d5d00000)
  from space 3072K, 82% used [0x00000000d6000000,0x00000000d627cb08,0x00000000d6300000)
  to   space 3072K, 0% used [0x00000000d5d00000,0x00000000d5d00000,0x00000000d6000000)
 ParOldGen       total 1161216K, used 1161025K [0x0000000080000000, 0x00000000c6e00000, 0x00000000d5580000)
  object space 1161216K, 99% used [0x0000000080000000,0x00000000c6dd0460,0x00000000c6e00000)
 Metaspace       used 91646K, committed 93440K, reserved 1179648K
  class space    used 8430K, committed 9344K, reserved 1048576K
}
Event: 7519.374 GC heap before
{Heap before GC invocations=11628 (full 25):
 PSYoungGen      total 10752K, used 10226K [0x00000000d5580000, 0x00000000d6300000, 0x0000000100000000)
  eden space 7680K, 100% used [0x00000000d5580000,0x00000000d5d00000,0x00000000d5d00000)
  from space 3072K, 82% used [0x00000000d6000000,0x00000000d627cb08,0x00000000d6300000)
  to   space 3072K, 0% used [0x00000000d5d00000,0x00000000d5d00000,0x00000000d6000000)
 ParOldGen       total 1161216K, used 1161025K [0x0000000080000000, 0x00000000c6e00000, 0x00000000d5580000)
  object space 1161216K, 99% used [0x0000000080000000,0x00000000c6dd0460,0x00000000c6e00000)
 Metaspace       used 91646K, committed 93440K, reserved 1179648K
  class space    used 8430K, committed 9344K, reserved 1048576K
}
Event: 7519.377 GC heap after
{Heap after GC invocations=11628 (full 25):
 PSYoungGen      total 8704K, used 864K [0x00000000d5580000, 0x00000000d6080000, 0x0000000100000000)
  eden space 7680K, 0% used [0x00000000d5580000,0x00000000d5580000,0x00000000d5d00000)
  from space 1024K, 84% used [0x00000000d5d00000,0x00000000d5dd8000,0x00000000d5e00000)
  to   space 1536K, 0% used [0x00000000d5f00000,0x00000000d5f00000,0x00000000d6080000)
 ParOldGen       total 1161728K, used 1161625K [0x0000000080000000, 0x00000000c6e80000, 0x00000000d5580000)
  object space 1161728K, 99% used [0x0000000080000000,0x00000000c6e66618,0x00000000c6e80000)
 Metaspace       used 91646K, committed 93440K, reserved 1179648K
  class space    used 8430K, committed 9344K, reserved 1048576K
}
Event: 7519.391 GC heap before
{Heap before GC invocations=11629 (full 25):
 PSYoungGen      total 8704K, used 8544K [0x00000000d5580000, 0x00000000d6080000, 0x0000000100000000)
  eden space 7680K, 100% used [0x00000000d5580000,0x00000000d5d00000,0x00000000d5d00000)
  from space 1024K, 84% used [0x00000000d5d00000,0x00000000d5dd8000,0x00000000d5e00000)
  to   space 1536K, 0% used [0x00000000d5f00000,0x00000000d5f00000,0x00000000d6080000)
 ParOldGen       total 1161728K, used 1161625K [0x0000000080000000, 0x00000000c6e80000, 0x00000000d5580000)
  object space 1161728K, 99% used [0x0000000080000000,0x00000000c6e66618,0x00000000c6e80000)
 Metaspace       used 91646K, committed 93440K, reserved 1179648K
  class space    used 8430K, committed 9344K, reserved 1048576K
}
Event: 7519.394 GC heap after
{Heap after GC invocations=11629 (full 25):
 PSYoungGen      total 8704K, used 784K [0x00000000d5580000, 0x00000000d6000000, 0x0000000100000000)
  eden space 7680K, 0% used [0x00000000d5580000,0x00000000d5580000,0x00000000d5d00000)
  from space 1024K, 76% used [0x00000000d5f00000,0x00000000d5fc4010,0x00000000d6000000)
  to   space 1024K, 0% used [0x00000000d5d00000,0x00000000d5d00000,0x00000000d5e00000)
 ParOldGen       total 1162240K, used 1161761K [0x0000000080000000, 0x00000000c6f00000, 0x00000000d5580000)
  object space 1162240K, 99% used [0x0000000080000000,0x00000000c6e88618,0x00000000c6f00000)
 Metaspace       used 91646K, committed 93440K, reserved 1179648K
  class space    used 8430K, committed 9344K, reserved 1048576K
}
Event: 7519.403 GC heap before
{Heap before GC invocations=11630 (full 25):
 PSYoungGen      total 8704K, used 8464K [0x00000000d5580000, 0x00000000d6000000, 0x0000000100000000)
  eden space 7680K, 100% used [0x00000000d5580000,0x00000000d5d00000,0x00000000d5d00000)
  from space 1024K, 76% used [0x00000000d5f00000,0x00000000d5fc4010,0x00000000d6000000)
  to   space 1024K, 0% used [0x00000000d5d00000,0x00000000d5d00000,0x00000000d5e00000)
 ParOldGen       total 1162240K, used 1161761K [0x0000000080000000, 0x00000000c6f00000, 0x00000000d5580000)
  object space 1162240K, 99% used [0x0000000080000000,0x00000000c6e88618,0x00000000c6f00000)
 Metaspace       used 91646K, committed 93440K, reserved 1179648K
  class space    used 8430K, committed 9344K, reserved 1048576K
}
Event: 7520.448 GC heap after
{Heap after GC invocations=11630 (full 25):
 PSYoungGen      total 8704K, used 992K [0x00000000d5580000, 0x00000000d6400000, 0x0000000100000000)
  eden space 7680K, 0% used [0x00000000d5580000,0x00000000d5580000,0x00000000d5d00000)
  from space 1024K, 96% used [0x00000000d5d00000,0x00000000d5df8030,0x00000000d5e00000)
  to   space 3584K, 0% used [0x00000000d6080000,0x00000000d6080000,0x00000000d6400000)
 ParOldGen       total 1163776K, used 1163571K [0x0000000080000000, 0x00000000c7080000, 0x00000000d5580000)
  object space 1163776K, 99% used [0x0000000080000000,0x00000000c704cfb8,0x00000000c7080000)
 Metaspace       used 91646K, committed 93440K, reserved 1179648K
  class space    used 8430K, committed 9344K, reserved 1048576K
}

