# JRE version: OpenJDK Runtime Environment Temurin-21.0.7+6 (21.0.7+6) (build 21.0.7+6-LTS)
# Java VM: OpenJDK 64-Bit Server VM Temurin-21.0.7+6 (21.0.7+6-LTS, mixed mode, sharing, tiered, compressed oops, compressed class ptrs, parallel gc, windows-amd64)
GC Precious Log:
 CardTable entry size: 512
 CPUs: 16 total, 16 available
 Memory: 15775M
 Large Page Support: Disabled
 NUMA Support: Disabled
 Compressed Oops: Enabled (32-bit)
 Alignments: Space 512K, Generation 512K, Heap 2M
 Heap Min Capacity: 100M
 Heap Initial Capacity: 100M
 Heap Max Capacity: 2G
 Pre-touch: Disabled
 Parallel Workers: 13
Heap:
 PSYoungGen      total 5632K, used 1525K [0x00000000d5580000, 0x00000000d5c00000, 0x0000000100000000)
  eden space 4608K, 20% used [0x00000000d5580000,0x00000000d566a410,0x00000000d5a00000)
  from space 1024K, 57% used [0x00000000d5b00000,0x00000000d5b93390,0x00000000d5c00000)
  to   space 1024K, 0% used [0x00000000d5a00000,0x00000000d5a00000,0x00000000d5b00000)
 ParOldGen       total 861696K, used 861424K [0x0000000080000000, 0x00000000b4980000, 0x00000000d5580000)
  object space 861696K, 99% used [0x0000000080000000,0x00000000b493c198,0x00000000b4980000)
 Metaspace       used 75926K, committed 77696K, reserved 1179648K
  class space    used 7256K, committed 8128K, reserved 1048576K
GC Heap History (20 events):
Event: 28.985 GC heap before
{Heap before GC invocations=2294 (full 4):
 PSYoungGen      total 2048K, used 2048K [0x00000000d5580000, 0x00000000d5b00000, 0x0000000100000000)
  eden space 1024K, 100% used [0x00000000d5580000,0x00000000d5680000,0x00000000d5680000)
  from space 1024K, 100% used [0x00000000d5680000,0x00000000d5780000,0x00000000d5780000)
  to   space 2048K, 0% used [0x00000000d5900000,0x00000000d5900000,0x00000000d5b00000)
 ParOldGen       total 851968K, used 851873K [0x0000000080000000, 0x00000000b4000000, 0x00000000d5580000)
  object space 851968K, 99% used [0x0000000080000000,0x00000000b3fe8770,0x00000000b4000000)
 Metaspace       used 75864K, committed 77568K, reserved 1179648K
  class space    used 7254K, committed 8064K, reserved 1048576K
}
Event: 28.987 GC heap after
{Heap after GC invocations=2294 (full 4):
 PSYoungGen      total 2560K, used 864K [0x00000000d5580000, 0x00000000d5a00000, 0x0000000100000000)
  eden space 1536K, 0% used [0x00000000d5580000,0x00000000d5580000,0x00000000d5700000)
  from space 1024K, 84% used [0x00000000d5900000,0x00000000d59d8000,0x00000000d5a00000)
  to   space 1536K, 0% used [0x00000000d5700000,0x00000000d5700000,0x00000000d5880000)
 ParOldGen       total 852992K, used 852719K [0x0000000080000000, 0x00000000b4100000, 0x00000000d5580000)
  object space 852992K, 99% used [0x0000000080000000,0x00000000b40bbf28,0x00000000b4100000)
 Metaspace       used 75864K, committed 77568K, reserved 1179648K
  class space    used 7254K, committed 8064K, reserved 1048576K
}
Event: 28.990 GC heap before
{Heap before GC invocations=2295 (full 4):
 PSYoungGen      total 2560K, used 2400K [0x00000000d5580000, 0x00000000d5a00000, 0x0000000100000000)
  eden space 1536K, 100% used [0x00000000d5580000,0x00000000d5700000,0x00000000d5700000)
  from space 1024K, 84% used [0x00000000d5900000,0x00000000d59d8000,0x00000000d5a00000)
  to   space 1536K, 0% used [0x00000000d5700000,0x00000000d5700000,0x00000000d5880000)
 ParOldGen       total 852992K, used 852719K [0x0000000080000000, 0x00000000b4100000, 0x00000000d5580000)
  object space 852992K, 99% used [0x0000000080000000,0x00000000b40bbf28,0x00000000b4100000)
 Metaspace       used 75864K, committed 77568K, reserved 1179648K
  class space    used 7254K, committed 8064K, reserved 1048576K
}
Event: 28.992 GC heap after
{Heap after GC invocations=2295 (full 4):
 PSYoungGen      total 3072K, used 1472K [0x00000000d5580000, 0x00000000d5b80000, 0x0000000100000000)
  eden space 1536K, 0% used [0x00000000d5580000,0x00000000d5580000,0x00000000d5700000)
  from space 1536K, 95% used [0x00000000d5700000,0x00000000d5870000,0x00000000d5880000)
  to   space 2048K, 0% used [0x00000000d5980000,0x00000000d5980000,0x00000000d5b80000)
 ParOldGen       total 853504K, used 853466K [0x0000000080000000, 0x00000000b4180000, 0x00000000d5580000)
  object space 853504K, 99% used [0x0000000080000000,0x00000000b4176be8,0x00000000b4180000)
 Metaspace       used 75864K, committed 77568K, reserved 1179648K
  class space    used 7254K, committed 8064K, reserved 1048576K
}
Event: 28.997 GC heap before
{Heap before GC invocations=2296 (full 4):
 PSYoungGen      total 3072K, used 3008K [0x00000000d5580000, 0x00000000d5b80000, 0x0000000100000000)
  eden space 1536K, 100% used [0x00000000d5580000,0x00000000d5700000,0x00000000d5700000)
  from space 1536K, 95% used [0x00000000d5700000,0x00000000d5870000,0x00000000d5880000)
  to   space 2048K, 0% used [0x00000000d5980000,0x00000000d5980000,0x00000000d5b80000)
 ParOldGen       total 853504K, used 853466K [0x0000000080000000, 0x00000000b4180000, 0x00000000d5580000)
  object space 853504K, 99% used [0x0000000080000000,0x00000000b4176be8,0x00000000b4180000)
 Metaspace       used 75864K, committed 77568K, reserved 1179648K
  class space    used 7254K, committed 8064K, reserved 1048576K
}
Event: 28.999 GC heap after
{Heap after GC invocations=2296 (full 4):
 PSYoungGen      total 3584K, used 1472K [0x00000000d5580000, 0x00000000d5b00000, 0x0000000100000000)
  eden space 2048K, 0% used [0x00000000d5580000,0x00000000d5580000,0x00000000d5780000)
  from space 1536K, 95% used [0x00000000d5980000,0x00000000d5af0000,0x00000000d5b00000)
  to   space 1536K, 0% used [0x00000000d5800000,0x00000000d5800000,0x00000000d5980000)
 ParOldGen       total 855040K, used 854713K [0x0000000080000000, 0x00000000b4300000, 0x00000000d5580000)
  object space 855040K, 99% used [0x0000000080000000,0x00000000b42ae428,0x00000000b4300000)
 Metaspace       used 75864K, committed 77568K, reserved 1179648K
  class space    used 7254K, committed 8064K, reserved 1048576K
}
Event: 29.004 GC heap before
{Heap before GC invocations=2297 (full 4):
 PSYoungGen      total 3584K, used 3520K [0x00000000d5580000, 0x00000000d5b00000, 0x0000000100000000)
  eden space 2048K, 100% used [0x00000000d5580000,0x00000000d5780000,0x00000000d5780000)
  from space 1536K, 95% used [0x00000000d5980000,0x00000000d5af0000,0x00000000d5b00000)
  to   space 1536K, 0% used [0x00000000d5800000,0x00000000d5800000,0x00000000d5980000)
 ParOldGen       total 855040K, used 854713K [0x0000000080000000, 0x00000000b4300000, 0x00000000d5580000)
  object space 855040K, 99% used [0x0000000080000000,0x00000000b42ae428,0x00000000b4300000)
 Metaspace       used 75864K, committed 77568K, reserved 1179648K
  class space    used 7254K, committed 8064K, reserved 1048576K
}
Event: 29.008 GC heap after
{Heap after GC invocations=2297 (full 4):
 PSYoungGen      total 4096K, used 1515K [0x00000000d5580000, 0x00000000d5f00000, 0x0000000100000000)
  eden space 2560K, 0% used [0x00000000d5580000,0x00000000d5580000,0x00000000d5800000)
  from space 1536K, 98% used [0x00000000d5800000,0x00000000d597af60,0x00000000d5980000)
  to   space 3584K, 0% used [0x00000000d5b80000,0x00000000d5b80000,0x00000000d5f00000)
 ParOldGen       total 856576K, used 856226K [0x0000000080000000, 0x00000000b4480000, 0x00000000d5580000)
  object space 856576K, 99% used [0x0000000080000000,0x00000000b4428838,0x00000000b4480000)
 Metaspace       used 75864K, committed 77568K, reserved 1179648K
  class space    used 7254K, committed 8064K, reserved 1048576K
}
Event: 29.013 GC heap before
{Heap before GC invocations=2298 (full 4):
 PSYoungGen      total 4096K, used 4075K [0x00000000d5580000, 0x00000000d5f00000, 0x0000000100000000)
  eden space 2560K, 100% used [0x00000000d5580000,0x00000000d5800000,0x00000000d5800000)
  from space 1536K, 98% used [0x00000000d5800000,0x00000000d597af60,0x00000000d5980000)
  to   space 3584K, 0% used [0x00000000d5b80000,0x00000000d5b80000,0x00000000d5f00000)
 ParOldGen       total 856576K, used 856226K [0x0000000080000000, 0x00000000b4480000, 0x00000000d5580000)
  object space 856576K, 99% used [0x0000000080000000,0x00000000b4428838,0x00000000b4480000)
 Metaspace       used 75866K, committed 77568K, reserved 1179648K
  class space    used 7254K, committed 8064K, reserved 1048576K
}
Event: 29.016 GC heap after
{Heap after GC invocations=2298 (full 4):
 PSYoungGen      total 5632K, used 2279K [0x00000000d5580000, 0x00000000d5e00000, 0x0000000100000000)
  eden space 3072K, 0% used [0x00000000d5580000,0x00000000d5580000,0x00000000d5880000)
  from space 2560K, 89% used [0x00000000d5b80000,0x00000000d5db9d18,0x00000000d5e00000)
  to   space 2560K, 0% used [0x00000000d5900000,0x00000000d5900000,0x00000000d5b80000)
 ParOldGen       total 858112K, used 857687K [0x0000000080000000, 0x00000000b4600000, 0x00000000d5580000)
  object space 858112K, 99% used [0x0000000080000000,0x00000000b4595fe8,0x00000000b4600000)
 Metaspace       used 75866K, committed 77568K, reserved 1179648K
  class space    used 7254K, committed 8064K, reserved 1048576K
}
Event: 29.050 GC heap before
{Heap before GC invocations=2299 (full 4):
 PSYoungGen      total 5632K, used 5351K [0x00000000d5580000, 0x00000000d5e00000, 0x0000000100000000)
  eden space 3072K, 100% used [0x00000000d5580000,0x00000000d5880000,0x00000000d5880000)
  from space 2560K, 89% used [0x00000000d5b80000,0x00000000d5db9d18,0x00000000d5e00000)
  to   space 2560K, 0% used [0x00000000d5900000,0x00000000d5900000,0x00000000d5b80000)
 ParOldGen       total 858112K, used 857687K [0x0000000080000000, 0x00000000b4600000, 0x00000000d5580000)
  object space 858112K, 99% used [0x0000000080000000,0x00000000b4595fe8,0x00000000b4600000)
 Metaspace       used 75889K, committed 77568K, reserved 1179648K
  class space    used 7255K, committed 8064K, reserved 1048576K
}
Event: 29.052 GC heap after
{Heap after GC invocations=2299 (full 4):
 PSYoungGen      total 4096K, used 473K [0x00000000d5580000, 0x00000000d5c80000, 0x0000000100000000)
  eden space 3584K, 0% used [0x00000000d5580000,0x00000000d5580000,0x00000000d5900000)
  from space 512K, 92% used [0x00000000d5900000,0x00000000d59767f0,0x00000000d5980000)
  to   space 1536K, 0% used [0x00000000d5b00000,0x00000000d5b00000,0x00000000d5c80000)
 ParOldGen       total 860160K, used 859779K [0x0000000080000000, 0x00000000b4800000, 0x00000000d5580000)
  object space 860160K, 99% used [0x0000000080000000,0x00000000b47a0f00,0x00000000b4800000)
 Metaspace       used 75889K, committed 77568K, reserved 1179648K
  class space    used 7255K, committed 8064K, reserved 1048576K
}
Event: 29.086 GC heap before
{Heap before GC invocations=2300 (full 4):
 PSYoungGen      total 4096K, used 4057K [0x00000000d5580000, 0x00000000d5c80000, 0x0000000100000000)
  eden space 3584K, 100% used [0x00000000d5580000,0x00000000d5900000,0x00000000d5900000)
  from space 512K, 92% used [0x00000000d5900000,0x00000000d59767f0,0x00000000d5980000)
  to   space 1536K, 0% used [0x00000000d5b00000,0x00000000d5b00000,0x00000000d5c80000)
 ParOldGen       total 860160K, used 859779K [0x0000000080000000, 0x00000000b4800000, 0x00000000d5580000)
  object space 860160K, 99% used [0x0000000080000000,0x00000000b47a0f00,0x00000000b4800000)
 Metaspace       used 75894K, committed 77568K, reserved 1179648K
  class space    used 7255K, committed 8064K, reserved 1048576K
}
Event: 29.088 GC heap after
{Heap after GC invocations=2300 (full 4):
 PSYoungGen      total 5632K, used 475K [0x00000000d5580000, 0x00000000d5c00000, 0x0000000100000000)
  eden space 4608K, 0% used [0x00000000d5580000,0x00000000d5580000,0x00000000d5a00000)
  from space 1024K, 46% used [0x00000000d5b00000,0x00000000d5b76c40,0x00000000d5c00000)
  to   space 1024K, 0% used [0x00000000d5a00000,0x00000000d5a00000,0x00000000d5b00000)
 ParOldGen       total 860160K, used 860016K [0x0000000080000000, 0x00000000b4800000, 0x00000000d5580000)
  object space 860160K, 99% used [0x0000000080000000,0x00000000b47dc140,0x00000000b4800000)
 Metaspace       used 75894K, committed 77568K, reserved 1179648K
  class space    used 7255K, committed 8064K, reserved 1048576K
}
Event: 29.128 GC heap before
{Heap before GC invocations=2301 (full 4):
 PSYoungGen      total 5632K, used 5083K [0x00000000d5580000, 0x00000000d5c00000, 0x0000000100000000)
  eden space 4608K, 100% used [0x00000000d5580000,0x00000000d5a00000,0x00000000d5a00000)
  from space 1024K, 46% used [0x00000000d5b00000,0x00000000d5b76c40,0x00000000d5c00000)
  to   space 1024K, 0% used [0x00000000d5a00000,0x00000000d5a00000,0x00000000d5b00000)
 ParOldGen       total 860160K, used 860016K [0x0000000080000000, 0x00000000b4800000, 0x00000000d5580000)
  object space 860160K, 99% used [0x0000000080000000,0x00000000b47dc140,0x00000000b4800000)
 Metaspace       used 75898K, committed 77568K, reserved 1179648K
  class space    used 7255K, committed 8064K, reserved 1048576K
}
Event: 29.130 GC heap after
{Heap after GC invocations=2301 (full 4):
 PSYoungGen      total 5632K, used 595K [0x00000000d5580000, 0x00000000d5c00000, 0x0000000100000000)
  eden space 4608K, 0% used [0x00000000d5580000,0x00000000d5580000,0x00000000d5a00000)
  from space 1024K, 58% used [0x00000000d5a00000,0x00000000d5a94d40,0x00000000d5b00000)
  to   space 1024K, 0% used [0x00000000d5b00000,0x00000000d5b00000,0x00000000d5c00000)
 ParOldGen       total 860672K, used 860258K [0x0000000080000000, 0x00000000b4880000, 0x00000000d5580000)
  object space 860672K, 99% used [0x0000000080000000,0x00000000b4818ad8,0x00000000b4880000)
 Metaspace       used 75898K, committed 77568K, reserved 1179648K
  class space    used 7255K, committed 8064K, reserved 1048576K
}
Event: 29.166 GC heap before
{Heap before GC invocations=2302 (full 4):
 PSYoungGen      total 5632K, used 5044K [0x00000000d5580000, 0x00000000d5c00000, 0x0000000100000000)
  eden space 4608K, 96% used [0x00000000d5580000,0x00000000d59d8698,0x00000000d5a00000)
  from space 1024K, 58% used [0x00000000d5a00000,0x00000000d5a94d40,0x00000000d5b00000)
  to   space 1024K, 0% used [0x00000000d5b00000,0x00000000d5b00000,0x00000000d5c00000)
 ParOldGen       total 860672K, used 860258K [0x0000000080000000, 0x00000000b4880000, 0x00000000d5580000)
  object space 860672K, 99% used [0x0000000080000000,0x00000000b4818ad8,0x00000000b4880000)
 Metaspace       used 75908K, committed 77568K, reserved 1179648K
  class space    used 7255K, committed 8064K, reserved 1048576K
}
Event: 29.168 GC heap after
{Heap after GC invocations=2302 (full 4):
 PSYoungGen      total 5632K, used 555K [0x00000000d5580000, 0x00000000d5c00000, 0x0000000100000000)
  eden space 4608K, 0% used [0x00000000d5580000,0x00000000d5580000,0x00000000d5a00000)
  from space 1024K, 54% used [0x00000000d5b00000,0x00000000d5b8af40,0x00000000d5c00000)
  to   space 1024K, 0% used [0x00000000d5a00000,0x00000000d5a00000,0x00000000d5b00000)
 ParOldGen       total 860672K, used 860560K [0x0000000080000000, 0x00000000b4880000, 0x00000000d5580000)
  object space 860672K, 99% used [0x0000000080000000,0x00000000b48642d0,0x00000000b4880000)
 Metaspace       used 75908K, committed 77568K, reserved 1179648K
  class space    used 7255K, committed 8064K, reserved 1048576K
}
Event: 29.198 GC heap before
{Heap before GC invocations=2303 (full 4):
 PSYoungGen      total 5632K, used 5163K [0x00000000d5580000, 0x00000000d5c00000, 0x0000000100000000)
  eden space 4608K, 99% used [0x00000000d5580000,0x00000000d59fff90,0x00000000d5a00000)
  from space 1024K, 54% used [0x00000000d5b00000,0x00000000d5b8af40,0x00000000d5c00000)
  to   space 1024K, 0% used [0x00000000d5a00000,0x00000000d5a00000,0x00000000d5b00000)
 ParOldGen       total 860672K, used 860560K [0x0000000080000000, 0x00000000b4880000, 0x00000000d5580000)
  object space 860672K, 99% used [0x0000000080000000,0x00000000b48642d0,0x00000000b4880000)
 Metaspace       used 75912K, committed 77568K, reserved 1179648K
  class space    used 7255K, committed 8064K, reserved 1048576K
}
Event: 29.200 GC heap after
{Heap after GC invocations=2303 (full 4):
 PSYoungGen      total 5632K, used 750K [0x00000000d5580000, 0x00000000d5c00000, 0x0000000100000000)
  eden space 4608K, 0% used [0x00000000d5580000,0x00000000d5580000,0x00000000d5a00000)
  from space 1024K, 73% used [0x00000000d5a00000,0x00000000d5abb8d0,0x00000000d5b00000)
  to   space 1024K, 0% used [0x00000000d5b00000,0x00000000d5b00000,0x00000000d5c00000)
 ParOldGen       total 861184K, used 860913K [0x0000000080000000, 0x00000000b4900000, 0x00000000d5580000)
  object space 861184K, 99% used [0x0000000080000000,0x00000000b48bc450,0x00000000b4900000)
 Metaspace       used 75912K, committed 77568K, reserved 1179648K
  class space    used 7255K, committed 8064K, reserved 1048576K
}

