# JRE version: OpenJDK Runtime Environment Temurin-21.0.6+7 (21.0.6+7) (build 21.0.6+7-LTS)
# Java VM: OpenJDK 64-Bit Server VM Temurin-21.0.6+7 (21.0.6+7-LTS, mixed mode, sharing, tiered, compressed oops, compressed class ptrs, parallel gc, windows-amd64)
GC Precious Log:
 CardTable entry size: 512
 CPUs: 16 total, 16 available
 Memory: 15775M
 Large Page Support: Disabled
 NUMA Support: Disabled
 Compressed Oops: Enabled (32-bit)
 Alignments: Space 512K, Generation 512K, Heap 2M
 Heap Min Capacity: 100M
 Heap Initial Capacity: 100M
 Heap Max Capacity: 1G
 Pre-touch: Disabled
 Parallel Workers: 13
Heap:
 PSYoungGen      total 2560K, used 840K [0x00000000eab00000, 0x00000000eaf00000, 0x0000000100000000)
  eden space 2048K, 16% used [0x00000000eab00000,0x00000000eab539c8,0x00000000ead00000)
  from space 512K, 98% used [0x00000000ead80000,0x00000000eadfe900,0x00000000eae00000)
  to   space 1024K, 0% used [0x00000000eae00000,0x00000000eae00000,0x00000000eaf00000)
 ParOldGen       total 647680K, used 647302K [0x00000000c0000000, 0x00000000e7880000, 0x00000000eab00000)
  object space 647680K, 99% used [0x00000000c0000000,0x00000000e7821af0,0x00000000e7880000)
 Metaspace       used 105002K, committed 106752K, reserved 1179648K
  class space    used 10022K, committed 10816K, reserved 1048576K
GC Heap History (20 events):
Event: 16219.696 GC heap before
{Heap before GC invocations=22153 (full 59):
 PSYoungGen      total 3072K, used 2634K [0x00000000eab00000, 0x00000000eaf00000, 0x0000000100000000)
  eden space 2048K, 100% used [0x00000000eab00000,0x00000000ead00000,0x00000000ead00000)
  from space 1024K, 57% used [0x00000000ead00000,0x00000000ead92910,0x00000000eae00000)
  to   space 1024K, 0% used [0x00000000eae00000,0x00000000eae00000,0x00000000eaf00000)
 ParOldGen       total 645632K, used 645550K [0x00000000c0000000, 0x00000000e7680000, 0x00000000eab00000)
  object space 645632K, 99% used [0x00000000c0000000,0x00000000e766bb50,0x00000000e7680000)
 Metaspace       used 105002K, committed 106752K, reserved 1179648K
  class space    used 10022K, committed 10816K, reserved 1048576K
}
Event: 16219.697 GC heap after
{Heap after GC invocations=22153 (full 59):
 PSYoungGen      total 2560K, used 448K [0x00000000eab00000, 0x00000000eae80000, 0x0000000100000000)
  eden space 2048K, 0% used [0x00000000eab00000,0x00000000eab00000,0x00000000ead00000)
  from space 512K, 87% used [0x00000000eae00000,0x00000000eae70000,0x00000000eae80000)
  to   space 512K, 0% used [0x00000000ead80000,0x00000000ead80000,0x00000000eae00000)
 ParOldGen       total 646144K, used 646019K [0x00000000c0000000, 0x00000000e7700000, 0x00000000eab00000)
  object space 646144K, 99% used [0x00000000c0000000,0x00000000e76e0d60,0x00000000e7700000)
 Metaspace       used 105002K, committed 106752K, reserved 1179648K
  class space    used 10022K, committed 10816K, reserved 1048576K
}
Event: 16219.753 GC heap before
{Heap before GC invocations=22154 (full 59):
 PSYoungGen      total 2560K, used 2496K [0x00000000eab00000, 0x00000000eae80000, 0x0000000100000000)
  eden space 2048K, 100% used [0x00000000eab00000,0x00000000ead00000,0x00000000ead00000)
  from space 512K, 87% used [0x00000000eae00000,0x00000000eae70000,0x00000000eae80000)
  to   space 512K, 0% used [0x00000000ead80000,0x00000000ead80000,0x00000000eae00000)
 ParOldGen       total 646144K, used 646019K [0x00000000c0000000, 0x00000000e7700000, 0x00000000eab00000)
  object space 646144K, 99% used [0x00000000c0000000,0x00000000e76e0d60,0x00000000e7700000)
 Metaspace       used 105002K, committed 106752K, reserved 1179648K
  class space    used 10022K, committed 10816K, reserved 1048576K
}
Event: 16219.753 GC heap after
{Heap after GC invocations=22154 (full 59):
 PSYoungGen      total 2560K, used 448K [0x00000000eab00000, 0x00000000eae80000, 0x0000000100000000)
  eden space 2048K, 0% used [0x00000000eab00000,0x00000000eab00000,0x00000000ead00000)
  from space 512K, 87% used [0x00000000ead80000,0x00000000eadf0000,0x00000000eae00000)
  to   space 512K, 0% used [0x00000000eae00000,0x00000000eae00000,0x00000000eae80000)
 ParOldGen       total 646656K, used 646263K [0x00000000c0000000, 0x00000000e7780000, 0x00000000eab00000)
  object space 646656K, 99% used [0x00000000c0000000,0x00000000e771dfe0,0x00000000e7780000)
 Metaspace       used 105002K, committed 106752K, reserved 1179648K
  class space    used 10022K, committed 10816K, reserved 1048576K
}
Event: 16219.895 GC heap before
{Heap before GC invocations=22155 (full 59):
 PSYoungGen      total 2560K, used 2496K [0x00000000eab00000, 0x00000000eae80000, 0x0000000100000000)
  eden space 2048K, 100% used [0x00000000eab00000,0x00000000ead00000,0x00000000ead00000)
  from space 512K, 87% used [0x00000000ead80000,0x00000000eadf0000,0x00000000eae00000)
  to   space 512K, 0% used [0x00000000eae00000,0x00000000eae00000,0x00000000eae80000)
 ParOldGen       total 646656K, used 646263K [0x00000000c0000000, 0x00000000e7780000, 0x00000000eab00000)
  object space 646656K, 99% used [0x00000000c0000000,0x00000000e771dfe0,0x00000000e7780000)
 Metaspace       used 105002K, committed 106752K, reserved 1179648K
  class space    used 10022K, committed 10816K, reserved 1048576K
}
Event: 16219.896 GC heap after
{Heap after GC invocations=22155 (full 59):
 PSYoungGen      total 2560K, used 384K [0x00000000eab00000, 0x00000000eae80000, 0x0000000100000000)
  eden space 2048K, 0% used [0x00000000eab00000,0x00000000eab00000,0x00000000ead00000)
  from space 512K, 75% used [0x00000000eae00000,0x00000000eae60000,0x00000000eae80000)
  to   space 512K, 0% used [0x00000000ead80000,0x00000000ead80000,0x00000000eae00000)
 ParOldGen       total 646656K, used 646271K [0x00000000c0000000, 0x00000000e7780000, 0x00000000eab00000)
  object space 646656K, 99% used [0x00000000c0000000,0x00000000e771ffe0,0x00000000e7780000)
 Metaspace       used 105002K, committed 106752K, reserved 1179648K
  class space    used 10022K, committed 10816K, reserved 1048576K
}
Event: 16219.898 GC heap before
{Heap before GC invocations=22156 (full 59):
 PSYoungGen      total 2560K, used 2432K [0x00000000eab00000, 0x00000000eae80000, 0x0000000100000000)
  eden space 2048K, 100% used [0x00000000eab00000,0x00000000ead00000,0x00000000ead00000)
  from space 512K, 75% used [0x00000000eae00000,0x00000000eae60000,0x00000000eae80000)
  to   space 512K, 0% used [0x00000000ead80000,0x00000000ead80000,0x00000000eae00000)
 ParOldGen       total 646656K, used 646271K [0x00000000c0000000, 0x00000000e7780000, 0x00000000eab00000)
  object space 646656K, 99% used [0x00000000c0000000,0x00000000e771ffe0,0x00000000e7780000)
 Metaspace       used 105002K, committed 106752K, reserved 1179648K
  class space    used 10022K, committed 10816K, reserved 1048576K
}
Event: 16219.899 GC heap after
{Heap after GC invocations=22156 (full 59):
 PSYoungGen      total 2560K, used 512K [0x00000000eab00000, 0x00000000eaf00000, 0x0000000100000000)
  eden space 2048K, 0% used [0x00000000eab00000,0x00000000eab00000,0x00000000ead00000)
  from space 512K, 100% used [0x00000000ead80000,0x00000000eae00000,0x00000000eae00000)
  to   space 1024K, 0% used [0x00000000eae00000,0x00000000eae00000,0x00000000eaf00000)
 ParOldGen       total 646656K, used 646412K [0x00000000c0000000, 0x00000000e7780000, 0x00000000eab00000)
  object space 646656K, 99% used [0x00000000c0000000,0x00000000e77431e0,0x00000000e7780000)
 Metaspace       used 105002K, committed 106752K, reserved 1179648K
  class space    used 10022K, committed 10816K, reserved 1048576K
}
Event: 16220.085 GC heap before
{Heap before GC invocations=22157 (full 59):
 PSYoungGen      total 2560K, used 2560K [0x00000000eab00000, 0x00000000eaf00000, 0x0000000100000000)
  eden space 2048K, 100% used [0x00000000eab00000,0x00000000ead00000,0x00000000ead00000)
  from space 512K, 100% used [0x00000000ead80000,0x00000000eae00000,0x00000000eae00000)
  to   space 1024K, 0% used [0x00000000eae00000,0x00000000eae00000,0x00000000eaf00000)
 ParOldGen       total 646656K, used 646412K [0x00000000c0000000, 0x00000000e7780000, 0x00000000eab00000)
  object space 646656K, 99% used [0x00000000c0000000,0x00000000e77431e0,0x00000000e7780000)
 Metaspace       used 105002K, committed 106752K, reserved 1179648K
  class space    used 10022K, committed 10816K, reserved 1048576K
}
Event: 16220.086 GC heap after
{Heap after GC invocations=22157 (full 59):
 PSYoungGen      total 3072K, used 448K [0x00000000eab00000, 0x00000000eaf00000, 0x0000000100000000)
  eden space 2048K, 0% used [0x00000000eab00000,0x00000000eab00000,0x00000000ead00000)
  from space 1024K, 43% used [0x00000000eae00000,0x00000000eae70000,0x00000000eaf00000)
  to   space 1024K, 0% used [0x00000000ead00000,0x00000000ead00000,0x00000000eae00000)
 ParOldGen       total 647168K, used 646772K [0x00000000c0000000, 0x00000000e7800000, 0x00000000eab00000)
  object space 647168K, 99% used [0x00000000c0000000,0x00000000e779d1f0,0x00000000e7800000)
 Metaspace       used 105002K, committed 106752K, reserved 1179648K
  class space    used 10022K, committed 10816K, reserved 1048576K
}
Event: 16220.090 GC heap before
{Heap before GC invocations=22158 (full 59):
 PSYoungGen      total 3072K, used 2496K [0x00000000eab00000, 0x00000000eaf00000, 0x0000000100000000)
  eden space 2048K, 100% used [0x00000000eab00000,0x00000000ead00000,0x00000000ead00000)
  from space 1024K, 43% used [0x00000000eae00000,0x00000000eae70000,0x00000000eaf00000)
  to   space 1024K, 0% used [0x00000000ead00000,0x00000000ead00000,0x00000000eae00000)
 ParOldGen       total 647168K, used 646772K [0x00000000c0000000, 0x00000000e7800000, 0x00000000eab00000)
  object space 647168K, 99% used [0x00000000c0000000,0x00000000e779d1f0,0x00000000e7800000)
 Metaspace       used 105002K, committed 106752K, reserved 1179648K
  class space    used 10022K, committed 10816K, reserved 1048576K
}
Event: 16220.090 GC heap after
{Heap after GC invocations=22158 (full 59):
 PSYoungGen      total 3072K, used 416K [0x00000000eab00000, 0x00000000eae80000, 0x0000000100000000)
  eden space 2048K, 0% used [0x00000000eab00000,0x00000000eab00000,0x00000000ead00000)
  from space 1024K, 40% used [0x00000000ead00000,0x00000000ead68000,0x00000000eae00000)
  to   space 512K, 0% used [0x00000000eae00000,0x00000000eae00000,0x00000000eae80000)
 ParOldGen       total 647168K, used 646980K [0x00000000c0000000, 0x00000000e7800000, 0x00000000eab00000)
  object space 647168K, 99% used [0x00000000c0000000,0x00000000e77d11f0,0x00000000e7800000)
 Metaspace       used 105002K, committed 106752K, reserved 1179648K
  class space    used 10022K, committed 10816K, reserved 1048576K
}
Event: 16220.274 GC heap before
{Heap before GC invocations=22159 (full 59):
 PSYoungGen      total 3072K, used 2464K [0x00000000eab00000, 0x00000000eae80000, 0x0000000100000000)
  eden space 2048K, 100% used [0x00000000eab00000,0x00000000ead00000,0x00000000ead00000)
  from space 1024K, 40% used [0x00000000ead00000,0x00000000ead68000,0x00000000eae00000)
  to   space 512K, 0% used [0x00000000eae00000,0x00000000eae00000,0x00000000eae80000)
 ParOldGen       total 647168K, used 646980K [0x00000000c0000000, 0x00000000e7800000, 0x00000000eab00000)
  object space 647168K, 99% used [0x00000000c0000000,0x00000000e77d11f0,0x00000000e7800000)
 Metaspace       used 105002K, committed 106752K, reserved 1179648K
  class space    used 10022K, committed 10816K, reserved 1048576K
}
Event: 16220.275 GC heap after
{Heap after GC invocations=22159 (full 59):
 PSYoungGen      total 2560K, used 224K [0x00000000eab00000, 0x00000000eae80000, 0x0000000100000000)
  eden space 2048K, 0% used [0x00000000eab00000,0x00000000eab00000,0x00000000ead00000)
  from space 512K, 43% used [0x00000000eae00000,0x00000000eae38000,0x00000000eae80000)
  to   space 512K, 0% used [0x00000000ead80000,0x00000000ead80000,0x00000000eae00000)
 ParOldGen       total 647168K, used 647092K [0x00000000c0000000, 0x00000000e7800000, 0x00000000eab00000)
  object space 647168K, 99% used [0x00000000c0000000,0x00000000e77ed1f0,0x00000000e7800000)
 Metaspace       used 105002K, committed 106752K, reserved 1179648K
  class space    used 10022K, committed 10816K, reserved 1048576K
}
Event: 16220.306 GC heap before
{Heap before GC invocations=22160 (full 59):
 PSYoungGen      total 2560K, used 2272K [0x00000000eab00000, 0x00000000eae80000, 0x0000000100000000)
  eden space 2048K, 100% used [0x00000000eab00000,0x00000000ead00000,0x00000000ead00000)
  from space 512K, 43% used [0x00000000eae00000,0x00000000eae38000,0x00000000eae80000)
  to   space 512K, 0% used [0x00000000ead80000,0x00000000ead80000,0x00000000eae00000)
 ParOldGen       total 647168K, used 647092K [0x00000000c0000000, 0x00000000e7800000, 0x00000000eab00000)
  object space 647168K, 99% used [0x00000000c0000000,0x00000000e77ed1f0,0x00000000e7800000)
 Metaspace       used 105002K, committed 106752K, reserved 1179648K
  class space    used 10022K, committed 10816K, reserved 1048576K
}
Event: 16220.307 GC heap after
{Heap after GC invocations=22160 (full 59):
 PSYoungGen      total 2560K, used 410K [0x00000000eab00000, 0x00000000eae80000, 0x0000000100000000)
  eden space 2048K, 0% used [0x00000000eab00000,0x00000000eab00000,0x00000000ead00000)
  from space 512K, 80% used [0x00000000ead80000,0x00000000eade6900,0x00000000eae00000)
  to   space 512K, 0% used [0x00000000eae00000,0x00000000eae00000,0x00000000eae80000)
 ParOldGen       total 647168K, used 647140K [0x00000000c0000000, 0x00000000e7800000, 0x00000000eab00000)
  object space 647168K, 99% used [0x00000000c0000000,0x00000000e77f91f0,0x00000000e7800000)
 Metaspace       used 105002K, committed 106752K, reserved 1179648K
  class space    used 10022K, committed 10816K, reserved 1048576K
}
Event: 16220.432 GC heap before
{Heap before GC invocations=22161 (full 59):
 PSYoungGen      total 2560K, used 2458K [0x00000000eab00000, 0x00000000eae80000, 0x0000000100000000)
  eden space 2048K, 100% used [0x00000000eab00000,0x00000000ead00000,0x00000000ead00000)
  from space 512K, 80% used [0x00000000ead80000,0x00000000eade6900,0x00000000eae00000)
  to   space 512K, 0% used [0x00000000eae00000,0x00000000eae00000,0x00000000eae80000)
 ParOldGen       total 647168K, used 647140K [0x00000000c0000000, 0x00000000e7800000, 0x00000000eab00000)
  object space 647168K, 99% used [0x00000000c0000000,0x00000000e77f91f0,0x00000000e7800000)
 Metaspace       used 105002K, committed 106752K, reserved 1179648K
  class space    used 10022K, committed 10816K, reserved 1048576K
}
Event: 16220.433 GC heap after
{Heap after GC invocations=22161 (full 59):
 PSYoungGen      total 2560K, used 384K [0x00000000eab00000, 0x00000000eae80000, 0x0000000100000000)
  eden space 2048K, 0% used [0x00000000eab00000,0x00000000eab00000,0x00000000ead00000)
  from space 512K, 75% used [0x00000000eae00000,0x00000000eae60000,0x00000000eae80000)
  to   space 512K, 0% used [0x00000000ead80000,0x00000000ead80000,0x00000000eae00000)
 ParOldGen       total 647168K, used 647156K [0x00000000c0000000, 0x00000000e7800000, 0x00000000eab00000)
  object space 647168K, 99% used [0x00000000c0000000,0x00000000e77fd1f0,0x00000000e7800000)
 Metaspace       used 105002K, committed 106752K, reserved 1179648K
  class space    used 10022K, committed 10816K, reserved 1048576K
}
Event: 16220.436 GC heap before
{Heap before GC invocations=22162 (full 59):
 PSYoungGen      total 2560K, used 2432K [0x00000000eab00000, 0x00000000eae80000, 0x0000000100000000)
  eden space 2048K, 100% used [0x00000000eab00000,0x00000000ead00000,0x00000000ead00000)
  from space 512K, 75% used [0x00000000eae00000,0x00000000eae60000,0x00000000eae80000)
  to   space 512K, 0% used [0x00000000ead80000,0x00000000ead80000,0x00000000eae00000)
 ParOldGen       total 647168K, used 647156K [0x00000000c0000000, 0x00000000e7800000, 0x00000000eab00000)
  object space 647168K, 99% used [0x00000000c0000000,0x00000000e77fd1f0,0x00000000e7800000)
 Metaspace       used 105002K, committed 106752K, reserved 1179648K
  class space    used 10022K, committed 10816K, reserved 1048576K
}
Event: 16220.437 GC heap after
{Heap after GC invocations=22162 (full 59):
 PSYoungGen      total 2560K, used 506K [0x00000000eab00000, 0x00000000eaf00000, 0x0000000100000000)
  eden space 2048K, 0% used [0x00000000eab00000,0x00000000eab00000,0x00000000ead00000)
  from space 512K, 98% used [0x00000000ead80000,0x00000000eadfe900,0x00000000eae00000)
  to   space 1024K, 0% used [0x00000000eae00000,0x00000000eae00000,0x00000000eaf00000)
 ParOldGen       total 647680K, used 647302K [0x00000000c0000000, 0x00000000e7880000, 0x00000000eab00000)
  object space 647680K, 99% used [0x00000000c0000000,0x00000000e7821af0,0x00000000e7880000)
 Metaspace       used 105002K, committed 106752K, reserved 1179648K
  class space    used 10022K, committed 10816K, reserved 1048576K
}

